<?xml version="1.0" encoding="UTF-8"?>
<!-- Generated by org.testng.reporters.JUnitReportReporter -->
<testsuite hostname="DESKTOP-9SO3HBH" failures="0" tests="1" name="test_package.amazomHomeTest" time="2.618" errors="0" timestamp="2024-11-15T11:39:20 IST" skipped="0">
  <testcase classname="test_package.amazomHomeTest" name="verifyTheSearchInputField" time="2.618"/>
  <system-out/>
</testsuite> <!-- test_package.amazomHomeTest -->
