<?xml version="1.0" encoding="UTF-8"?>
<!-- Generated by org.testng.reporters.JUnitReportReporter -->
<testsuite hostname="DESKTOP-9SO3HBH" failures="0" tests="1" name="test_package.amazomHomeTest" time="4.178" errors="0" timestamp="2024-11-14T21:07:48 IST" skipped="0">
  <testcase classname="test_package.amazomHomeTest" name="verifyTheSearchInputField" time="4.178"/>
  <system-out/>
</testsuite> <!-- test_package.amazomHomeTest -->
